[demo.phlox.pro/agency-advertisement/index.html]
[backblue.gif]
[fade.gif]
[index.html]
[demo.phlox.pro/agency-advertisement/wp-content/uploads/sites/208/2020/06/Path-134-40x40.png]
[demo.phlox.pro/agency-advertisement/wp-includes/js/jquery/jquery.min.js]
[demo.phlox.pro/agency-advertisement/wp-content/cache/autoptimize/208/css/autoptimize_1302e22d05fd3df6a5d8d4f052911935.css]
[demo.phlox.pro/agency-advertisement/feed/index.html]
[demo.phlox.pro/agency-advertisement/comments/feed/index.html]
[demo.phlox.pro/agency-advertisement/wp-json/wp/v2/pages/9.json]
[demo.phlox.pro/agency-advertisement/wp-json/index.html]
[demo.phlox.pro/agency-advertisement/wp-includes/wlwmanifest.xml]
[demo.phlox.pro/agency-advertisement/wp-json/oembed/1.0/embeda3e3.json]
[demo.phlox.pro/agency-advertisement/wp-json/oembed/1.0/embedbf46]
[www.google-analytics.com/analytics.js]
[demo.phlox.pro/agency-advertisement/wp-content/uploads/sites/208/2020/06/logo-header.png]
[demo.phlox.pro/agency-advertisement/wp-content/uploads/sites/208/2020/06/logo-footer.png]
[demo.phlox.pro/agency-advertisement/wp-content/uploads/sites/208/2020/06/Group-125-40x43.png]
[demo.phlox.pro/agency-advertisement/wp-content/uploads/sites/208/2020/06/Group-113-1-40x29.png]
[demo.phlox.pro/agency-advertisement/about/index.html]
[demo.phlox.pro/agency-advertisement/wp-content/uploads/sites/208/2020/06/Asset-1@4x-40x42.png]
[demo.phlox.pro/agency-advertisement/portfolio/index.html]
[demo.phlox.pro/agency-advertisement/blog/index.html]
[demo.phlox.pro/agency-advertisement/wp-content/uploads/sites/208/2020/06/Asset-5@4x-1-40x42.png]
[demo.phlox.pro/agency-advertisement/wp-content/uploads/sites/208/2020/06/Asset-4@4x-40x46.png]
[demo.phlox.pro/agency-advertisement/contact/index.html]
[demo.phlox.pro/agency-advertisement/wp-content/uploads/sites/208/2020/06/Group-117-40x38.png]
[demo.phlox.pro/agency-advertisement/wp-content/uploads/sites/208/2020/06/Asset-3@4x-40x42.png]
[demo.phlox.pro/agency-advertisement/wp-content/uploads/sites/208/2020/06/Group-5.png]
[demo.phlox.pro/agency-advertisement/wp-content/uploads/sites/208/2020/06/clienty-3.png]
[demo.phlox.pro/agency-advertisement/wp-content/uploads/sites/208/2020/06/Group-4.png]
[demo.phlox.pro/agency-advertisement/wp-content/uploads/sites/208/2020/06/client-1.png]
[demo.phlox.pro/agency-advertisement/wp-content/uploads/sites/208/2020/06/clienty-2.png]
[demo.phlox.pro/agency-advertisement/wp-content/uploads/sites/208/2020/06/Group-6.png]
[demo.phlox.pro/agency-advertisement/wp-content/uploads/sites/208/2020/06/group-of-upset-students-sitting-at-the-table-with-E5YW9L4-40x35.jpg]
[demo.phlox.pro/agency-advertisement/wp-content/uploads/sites/208/2020/06/Asset-3@4x-1-40x43.png]
[demo.phlox.pro/agency-advertisement/wp-content/uploads/sites/208/2020/06/Asset-2@4x-40x39.png]
[demo.phlox.pro/agency-advertisement/wp-content/uploads/sites/208/2020/06/Asset-1@4x-1.png]
[demo.phlox.pro/agency-advertisement/wp-content/uploads/sites/208/2020/06/Mask-Group-5.png]
[demo.phlox.pro/agency-advertisement/wp-content/uploads/sites/208/2020/06/Group-7573.png]
[demo.phlox.pro/agency-advertisement/wp-content/uploads/sites/208/2020/06/business-people-in-office-5HLCX4S-1-40x44.jpg]
[demo.phlox.pro/agency-advertisement/wp-content/uploads/sites/208/2020/06/casual-business-giving-a-presentation-to-PJKX6JZ-1-40x40.jpg]
[demo.phlox.pro/agency-advertisement/wp-content/uploads/sites/208/2020/06/6ce074ff-9472-47c5-9ce3-7c9831992916-40x25.jpg]
[demo.phlox.pro/agency-advertisement/wp-content/uploads/sites/208/2020/06/6ce074ff-9472-47c5-9ce3-7c9831992916-460x288.jpg]
[demo.phlox.pro/agency-advertisement/portfolio/login-mobile-interface-illustrations-14/index.html]
[demo.phlox.pro/agency-advertisement/wp-content/uploads/sites/208/2020/06/14345c9c-c393-4af8-bbd5-a810e8885ee9-40x25.jpg]
[demo.phlox.pro/agency-advertisement/wp-content/uploads/sites/208/2020/06/14345c9c-c393-4af8-bbd5-a810e8885ee9-460x288.jpg]
[demo.phlox.pro/agency-advertisement/wp-content/uploads/sites/208/2020/06/939a44a8-8833-4065-b2a4-f6b55e2cdbe8-40x25.jpg]
[demo.phlox.pro/agency-advertisement/portfolio/the-difference-between-ui-and-ux-in-design/index.html]
[demo.phlox.pro/agency-advertisement/wp-content/uploads/sites/208/2020/06/939a44a8-8833-4065-b2a4-f6b55e2cdbe8-460x288.jpg]
[demo.phlox.pro/agency-advertisement/portfolio/intersting-stories-about-it-world/index.html]
[demo.phlox.pro/agency-advertisement/wp-content/uploads/sites/208/2020/06/5af035b0-c8a1-4dad-b23c-a6e6b062bd9f-40x25.jpg]
[demo.phlox.pro/agency-advertisement/portfolio/designing-a-mobile-store-application/index.html]
[demo.phlox.pro/agency-advertisement/wp-content/uploads/sites/208/2020/06/5af035b0-c8a1-4dad-b23c-a6e6b062bd9f-460x288.jpg]
[demo.phlox.pro/agency-advertisement/wp-content/uploads/sites/208/2020/06/4cc08696-f0f1-49e4-b40d-432368050859-40x25.jpg]
[demo.phlox.pro/agency-advertisement/wp-content/uploads/sites/208/2020/06/4cc08696-f0f1-49e4-b40d-432368050859-460x288.jpg]
[demo.phlox.pro/agency-advertisement/wp-content/uploads/sites/208/2020/06/35ad6ef1-74fd-4926-a004-8f5649880b45-40x25.jpg]
[demo.phlox.pro/agency-advertisement/portfolio/beautiful-design-of-mobile-application/index.html]
[demo.phlox.pro/agency-advertisement/wp-content/uploads/sites/208/2020/06/35ad6ef1-74fd-4926-a004-8f5649880b45-460x288.jpg]
[demo.phlox.pro/agency-advertisement/portfolio/some-new-ideas-for-branding/index.html]
[demo.phlox.pro/agency-advertisement/wp-content/uploads/sites/208/2020/06/a45d4012-e6d5-49f6-8de6-24033a7caf28-40x25.jpg]
[demo.phlox.pro/agency-advertisement/portfolio/store-advertising-banner-design/index.html]
[demo.phlox.pro/agency-advertisement/wp-content/uploads/sites/208/2020/06/a45d4012-e6d5-49f6-8de6-24033a7caf28-460x288.jpg]
[demo.phlox.pro/agency-advertisement/wp-content/uploads/sites/208/2020/06/5470ff50-bc22-4fe9-89a5-1087848ae0da-40x25.jpg]
[demo.phlox.pro/agency-advertisement/portfolio/buy-and-sell-first-class-electronics/index.html]
[demo.phlox.pro/agency-advertisement/wp-content/uploads/sites/208/2020/06/5470ff50-bc22-4fe9-89a5-1087848ae0da-460x288.jpg]
[demo.phlox.pro/agency-advertisement/wp-content/uploads/sites/208/2020/06/1e00a6ff-9473-46ea-bba0-b78208b62fed-40x25.jpg]
[demo.phlox.pro/agency-advertisement/wp-content/uploads/sites/208/2020/06/1e00a6ff-9473-46ea-bba0-b78208b62fed-460x288.jpg]
[demo.phlox.pro/agency-advertisement/wp-content/uploads/sites/208/2020/06/798182df-d218-40bc-a901-2edc9a6e5aa4-40x25.jpg]
[demo.phlox.pro/agency-advertisement/portfolio/the-future-of-food-delivery-app-ui-kit/index.html]
[demo.phlox.pro/agency-advertisement/wp-content/uploads/sites/208/2020/06/798182df-d218-40bc-a901-2edc9a6e5aa4-460x288.jpg]
[demo.phlox.pro/agency-advertisement/portfolio/providing-computer-services-to-companies/index.html]
[demo.phlox.pro/agency-advertisement/wp-content/uploads/sites/208/2020/06/Asset-2@4x-1-40x27.png]
[demo.phlox.pro/agency-advertisement/wp-content/uploads/sites/208/2020/06/Asset-2@4x-1.png]
[demo.phlox.pro/agency-advertisement/wp-content/uploads/sites/208/2020/06/Group-7592-40x39.png]
[demo.phlox.pro/agency-advertisement/wp-content/uploads/sites/208/2020/06/Group-7592.png]
[demo.phlox.pro/agency-advertisement/wp-content/uploads/sites/208/2020/06/Asset-1-1-40x40.png]
[demo.phlox.pro/agency-advertisement/wp-content/uploads/sites/208/2020/06/Asset-1-1.png]
[demo.phlox.pro/agency-advertisement/wp-content/uploads/sites/208/2020/06/Asset-1-40x23.png]
[demo.phlox.pro/agency-advertisement/wp-content/uploads/sites/208/2020/06/Asset-1.png]
[demo.phlox.pro/agency-advertisement/wp-content/uploads/sites/208/2020/06/Asset-1@4x-2-40x20.png]
[demo.phlox.pro/agency-advertisement/wp-content/uploads/sites/208/2020/06/Asset-1@4x-2.png]
[demo.phlox.pro/agency-advertisement/wp-content/uploads/sites/208/2020/06/happy-colleagues-sitting-in-office-coworking-PHYA6TG.png]
[demo.phlox.pro/agency-advertisement/wp-content/uploads/sites/208/2020/06/portrait-of-businessman-in-glasses-holding-tablet-AWVHCJU.png]
[demo.phlox.pro/agency-advertisement/wp-content/uploads/sites/208/2020/06/businessman-taking-a-break-with-a-cup-of-coffee-JW4B3DH.png]
[demo.phlox.pro/agency-advertisement/wp-content/uploads/sites/208/2020/06/7j09qp5h-40x43.jpg]
[demo.phlox.pro/agency-advertisement/wp-content/uploads/sites/208/2020/06/7j09qp5h-970x1049.jpg]
[demo.phlox.pro/agency-advertisement/2020/06/24/triple-creative-multi-purpose-portfolio-template/index.html]
[demo.phlox.pro/agency-advertisement/wp-content/uploads/sites/208/2020/06/939a44a8-8833-4065-b2a4-f6b55e2cdbe8-1-40x43.jpg]
[demo.phlox.pro/agency-advertisement/2020/06/24/more-productive-working-flow/index.html]
[demo.phlox.pro/agency-advertisement/wp-content/uploads/sites/208/2020/06/939a44a8-8833-4065-b2a4-f6b55e2cdbe8-1-970x1049.jpg]
[demo.phlox.pro/agency-advertisement/wp-content/plugins/demo-tools/public/assets/img/Group-3.svg]
[demo.phlox.pro/agency-advertisement/wp-content/plugins/demo-tools/public/assets/img/buy.svg]
[demo.phlox.pro/agency-advertisement/wp-content/plugins/demo-tools/public/assets/img/export.svg]
[demo.phlox.pro/agency-advertisement/wp-content/plugins/demo-tools/public/assets/img/help-icon.svg]
[demo.phlox.pro/agency-advertisement/wp-content/plugins/demo-tools/public/assets/img/cross.svg]
[demo.phlox.pro/cdn-cgi/scripts/5c5dd728/cloudflare-static/email-decode.min.js]
[demo.phlox.pro/agency-advertisement/index.html]
[demo.phlox.pro/cdn-cgi/scripts/7d0fa10a/cloudflare-static/rocket-loader.min.js]
[demo.phlox.pro/agency-advertisement/wp-content/cache/autoptimize/208/js/autoptimize_cab05c36f10c6087e60397a7dc7cd9ee.js]
[demo.phlox.pro/agency-advertisement/wp-content/themes/phlox-pro/css/images/svg/symbols.svg]
[demo.phlox.pro/agency-advertisement/wp-content/themes/phlox-pro/css/images/photoswipe/default-skin.png]
[demo.phlox.pro/agency-advertisement/wp-content/themes/phlox-pro/css/images/controls/arrows/small-arrow-down.svg]
[demo.phlox.pro/agency-advertisement/wp-content/themes/phlox-pro/css/images/svg/leftarrow.svg]
[demo.phlox.pro/agency-advertisement/wp-content/themes/phlox-pro/css/fonts/fontastic/auxicon/auxin-front.eot]
[demo.phlox.pro/agency-advertisement/wp-content/plugins/elementor/assets/lib/eicons/fonts/eicons1ecc.eot]
[demo.phlox.pro/agency-advertisement/wp-includes/js/mediaelement/mejs-controls.svg]
[demo.phlox.pro/agency-advertisement/wp-content/uploads/sites/208/2020/06/Mask-Group-4-1.png]
[demo.phlox.pro/agency-advertisement/wp-content/uploads/sites/208/2020/06/Asset-5@4x.png]
[demo.phlox.pro/agency-advertisement/wp-content/cache/autoptimize/208/css/autoptimize_1302e22d05fd3df6a5d8d4f052911935.css]
[demo.phlox.pro/agency-advertisement/wp-content/plugins/elementor/assets/lib/font-awesome/webfonts/fa-brands-400.eot]
[demo.phlox.pro/agency-advertisement/wp-content/cache/autoptimize/208/css/autoptimize_79590d958f581a35713a5b64a3030b28.css]
[demo.phlox.pro/agency-advertisement/wp-json/wp/v2/pages/11.json]
[demo.phlox.pro/agency-advertisement/wp-json/oembed/1.0/embed4897.json]
[demo.phlox.pro/agency-advertisement/wp-json/oembed/1.0/embed6f28]
[demo.phlox.pro/agency-advertisement/wp-content/uploads/sites/208/2020/06/Group-125.png]
[demo.phlox.pro/agency-advertisement/wp-content/uploads/sites/208/2020/06/Asset-1@4x-1-40x40.png]
[demo.phlox.pro/agency-advertisement/wp-content/uploads/sites/208/2020/06/business-people-in-office-5HLCX4S-40x51.jpg]
[demo.phlox.pro/agency-advertisement/wp-content/uploads/sites/208/2020/06/group-of-upset-students-sitting-at-the-table-with-E5YW9L4-1-40x51.jpg]
[demo.phlox.pro/agency-advertisement/wp-content/uploads/sites/208/2020/08/successful-businesswoman-ceo-of-company-4UDP9KG-40x50.jpg]
[demo.phlox.pro/agency-advertisement/wp-content/uploads/sites/208/2020/08/busy-office-life-7QT8MKH-40x50.jpg]
[demo.phlox.pro/agency-advertisement/wp-content/uploads/sites/208/2020/06/young-businessman-in-wheelchair-with-colleagues-EWTN4AC-40x50.jpg]
[demo.phlox.pro/agency-advertisement/wp-content/uploads/sites/208/2020/06/group-of-young-businesspeople-with-laptop-working-8SHTZUN-40x31.jpg]
[demo.phlox.pro/agency-advertisement/wp-content/uploads/sites/208/2020/06/group-of-young-businesspeople-with-laptop-working-8SHTZUN.jpg]
[demo.phlox.pro/agency-advertisement/about/index.html]
[demo.phlox.pro/agency-advertisement/wp-content/uploads/sites/208/2020/06/7j09qp5h-40x40.jpg]
[demo.phlox.pro/agency-advertisement/wp-content/cache/autoptimize/208/css/autoptimize_d5c7082ee8fcd727b6a36fafef4b4f8e.css]
[demo.phlox.pro/agency-advertisement/wp-json/oembed/1.0/embedf80d.json]
[demo.phlox.pro/agency-advertisement/wp-json/wp/v2/pages/13.json]
[demo.phlox.pro/agency-advertisement/wp-json/oembed/1.0/embed8bda]
[demo.phlox.pro/agency-advertisement/wp-content/uploads/sites/208/2020/06/939a44a8-8833-4065-b2a4-f6b55e2cdbe8-1-40x40.jpg]
[demo.phlox.pro/agency-advertisement/wp-content/uploads/sites/208/2020/06/business-people-working-together-on-project-and-5FHSKBL-40x40.jpg]
[demo.phlox.pro/agency-advertisement/wp-content/uploads/sites/208/2020/06/business-people-working-together-on-project-and-B3MZ4TX-40x40.jpg]
[demo.phlox.pro/agency-advertisement/2020/06/27/planning-for-a-strategy-in-a-very-large-company/index.html]
[demo.phlox.pro/agency-advertisement/2020/06/27/customer-problems-are-addressed-in-a-team/index.html]
[demo.phlox.pro/agency-advertisement/wp-content/uploads/sites/208/2020/06/portrait-of-businessman-in-glasses-holding-tablet-AWVHCJU-40x40.jpg]
[demo.phlox.pro/agency-advertisement/wp-content/uploads/sites/208/2020/06/portrait-of-young-architect-woman-on-meeting-KFZCE3A-40x40.jpg]
[demo.phlox.pro/agency-advertisement/2020/06/27/online-methods-used-to-build-brand-awareness/index.html]
[demo.phlox.pro/agency-advertisement/wp-content/uploads/sites/208/2020/06/1837-40x40.jpg]
[demo.phlox.pro/agency-advertisement/2020/06/27/a-key-of-digital-marketing-is-to-raise-brand-awareness/index.html]
[demo.phlox.pro/agency-advertisement/wp-content/uploads/sites/208/2020/06/a45d4012-e6d5-49f6-8de6-24033a7caf28-1-40x40.jpg]
[demo.phlox.pro/agency-advertisement/blog/index.html]
[demo.phlox.pro/agency-advertisement/2020/06/27/search-engine-optimization-techniques/index.html]
[demo.phlox.pro/agency-advertisement/2020/06/27/digital-marketing-activity-is-still-growing/index.html]
[demo.phlox.pro/agency-advertisement/wp-content/cache/autoptimize/208/css/autoptimize_31c2d0274ea8d2fe475c6690d1242885.css]
[demo.phlox.pro/agency-advertisement/wp-content/uploads/sites/208/2020/06/6ce074ff-9472-47c5-9ce3-7c9831992916-607x404.jpg]
[demo.phlox.pro/agency-advertisement/wp-json/wp/v2/pages/757.json]
[demo.phlox.pro/agency-advertisement/wp-json/oembed/1.0/embed78e7.json]
[demo.phlox.pro/agency-advertisement/wp-json/oembed/1.0/embed1836]
[demo.phlox.pro/agency-advertisement/wp-content/uploads/sites/208/2020/06/14345c9c-c393-4af8-bbd5-a810e8885ee9-607x404.jpg]
[demo.phlox.pro/agency-advertisement/wp-content/uploads/sites/208/2020/06/939a44a8-8833-4065-b2a4-f6b55e2cdbe8-607x404.jpg]
[demo.phlox.pro/agency-advertisement/portfolio-cat/graphic-templates/index.html]
[demo.phlox.pro/agency-advertisement/wp-content/uploads/sites/208/2020/06/5af035b0-c8a1-4dad-b23c-a6e6b062bd9f-607x404.jpg]
[demo.phlox.pro/agency-advertisement/wp-content/uploads/sites/208/2020/06/4cc08696-f0f1-49e4-b40d-432368050859-607x404.jpg]
[demo.phlox.pro/agency-advertisement/portfolio-cat/ux-and-ui-kits/index.html]
[demo.phlox.pro/agency-advertisement/portfolio-cat/ecommerce/index.html]
[demo.phlox.pro/agency-advertisement/wp-content/uploads/sites/208/2020/06/35ad6ef1-74fd-4926-a004-8f5649880b45-607x404.jpg]
[demo.phlox.pro/agency-advertisement/wp-content/uploads/sites/208/2020/06/a45d4012-e6d5-49f6-8de6-24033a7caf28-607x404.jpg]
[demo.phlox.pro/agency-advertisement/wp-content/uploads/sites/208/2020/06/5470ff50-bc22-4fe9-89a5-1087848ae0da-607x404.jpg]
[demo.phlox.pro/agency-advertisement/wp-content/uploads/sites/208/2020/06/1e00a6ff-9473-46ea-bba0-b78208b62fed-607x404.jpg]
[demo.phlox.pro/agency-advertisement/portfolio/index.html]
[demo.phlox.pro/agency-advertisement/wp-content/cache/autoptimize/208/css/autoptimize_79e2a38dec41dc8fe95c324281d19ab7.css]
[demo.phlox.pro/agency-advertisement/wp-json/wp/v2/pages/15.json]
[demo.phlox.pro/agency-advertisement/wp-json/oembed/1.0/embedd9b4.json]
[demo.phlox.pro/agency-advertisement/contact/index.html]
[demo.phlox.pro/agency-advertisement/wp-json/oembed/1.0/embed8f19]
[demo.phlox.pro/agency-advertisement/wp-content/cache/autoptimize/208/css/autoptimize_60148c43ebd3d27920808ecfd4dbf6b3.css]
[demo.phlox.pro/agency-advertisement/wp-content/uploads/sites/208/2020/06/6ce074ff-9472-47c5-9ce3-7c9831992916.jpg]
[demo.phlox.pro/agency-advertisement/wp-json/wp/v2/portfolio/779.json]
[demo.phlox.pro/agency-advertisement/wp-json/oembed/1.0/embed0a2a.json]
[demo.phlox.pro/agency-advertisement/wp-json/oembed/1.0/embedcd31]
[demo.phlox.pro/agency-advertisement/wp-content/uploads/sites/208/2020/06/6ce074ff-9472-47c5-9ce3-7c9831992916-90x90.jpg]
[demo.phlox.pro/agency-advertisement/wp-content/uploads/sites/208/2020/06/798182df-d218-40bc-a901-2edc9a6e5aa4-40x27.jpg]
[demo.phlox.pro/agency-advertisement/wp-content/uploads/sites/208/2020/06/798182df-d218-40bc-a901-2edc9a6e5aa4.jpg]
[demo.phlox.pro/agency-advertisement/wp-content/uploads/sites/208/2020/06/m98sxg2u-40x27.jpg]
[demo.phlox.pro/agency-advertisement/wp-content/uploads/sites/208/2020/06/m98sxg2u.jpg]
[demo.phlox.pro/agency-advertisement/portfolio/login-mobile-interface-illustrations-14/index.html]
[demo.phlox.pro/agency-advertisement/wp-content/cache/autoptimize/208/css/autoptimize_2b4c10f969d3b5d13476ea4f1b2632fe.css]
[demo.phlox.pro/agency-advertisement/wp-content/uploads/sites/208/2020/06/14345c9c-c393-4af8-bbd5-a810e8885ee9.jpg]
[demo.phlox.pro/agency-advertisement/wp-json/wp/v2/portfolio/777.json]
[demo.phlox.pro/agency-advertisement/wp-json/oembed/1.0/embed67fe.json]
[demo.phlox.pro/agency-advertisement/wp-json/oembed/1.0/embed5d79]
[demo.phlox.pro/agency-advertisement/wp-content/uploads/sites/208/2020/06/14345c9c-c393-4af8-bbd5-a810e8885ee9-90x90.jpg]
[demo.phlox.pro/agency-advertisement/portfolio/intersting-stories-about-it-world/index.html]
[demo.phlox.pro/agency-advertisement/wp-content/uploads/sites/208/2020/06/939a44a8-8833-4065-b2a4-f6b55e2cdbe8.jpg]
[demo.phlox.pro/agency-advertisement/wp-content/cache/autoptimize/208/css/autoptimize_d14ab6a74e7dace2132a5e392f0fd2b7.css]
[demo.phlox.pro/agency-advertisement/wp-json/wp/v2/portfolio/775.json]
[demo.phlox.pro/agency-advertisement/wp-json/oembed/1.0/embeddfef.json]
[demo.phlox.pro/agency-advertisement/wp-json/oembed/1.0/embed85ad]
[demo.phlox.pro/agency-advertisement/wp-content/uploads/sites/208/2020/06/939a44a8-8833-4065-b2a4-f6b55e2cdbe8-90x90.jpg]
[demo.phlox.pro/agency-advertisement/portfolio/the-difference-between-ui-and-ux-in-design/index.html]
[demo.phlox.pro/agency-advertisement/wp-content/cache/autoptimize/208/css/autoptimize_3e78b366b65155e41fda14dd062f55ee.css]
[demo.phlox.pro/agency-advertisement/wp-content/uploads/sites/208/2020/06/5af035b0-c8a1-4dad-b23c-a6e6b062bd9f.jpg]
[demo.phlox.pro/agency-advertisement/wp-json/wp/v2/portfolio/773.json]
[demo.phlox.pro/agency-advertisement/wp-json/oembed/1.0/embedccc5.json]
[demo.phlox.pro/agency-advertisement/wp-json/oembed/1.0/embed53e6]
[demo.phlox.pro/agency-advertisement/wp-content/uploads/sites/208/2020/06/5af035b0-c8a1-4dad-b23c-a6e6b062bd9f-90x90.jpg]
[demo.phlox.pro/agency-advertisement/portfolio/designing-a-mobile-store-application/index.html]
[demo.phlox.pro/agency-advertisement/wp-content/cache/autoptimize/208/css/autoptimize_53ae16cca70363e94741c0575975e761.css]
[demo.phlox.pro/agency-advertisement/wp-content/uploads/sites/208/2020/06/4cc08696-f0f1-49e4-b40d-432368050859.jpg]
[demo.phlox.pro/agency-advertisement/wp-json/wp/v2/portfolio/771.json]
[demo.phlox.pro/agency-advertisement/wp-json/oembed/1.0/embed7eb9.json]
[demo.phlox.pro/agency-advertisement/wp-json/oembed/1.0/embedda3c]
[demo.phlox.pro/agency-advertisement/wp-content/uploads/sites/208/2020/06/4cc08696-f0f1-49e4-b40d-432368050859-90x90.jpg]
[demo.phlox.pro/agency-advertisement/portfolio/beautiful-design-of-mobile-application/index.html]
[demo.phlox.pro/agency-advertisement/wp-content/cache/autoptimize/208/css/autoptimize_29f28d3f334d6407daae685803096f3a.css]
[demo.phlox.pro/agency-advertisement/wp-content/uploads/sites/208/2020/06/35ad6ef1-74fd-4926-a004-8f5649880b45.jpg]
[demo.phlox.pro/agency-advertisement/wp-json/wp/v2/portfolio/769.json]
[demo.phlox.pro/agency-advertisement/wp-json/oembed/1.0/embed1704.json]
[demo.phlox.pro/agency-advertisement/wp-json/oembed/1.0/embed918a]
[demo.phlox.pro/agency-advertisement/wp-content/uploads/sites/208/2020/06/35ad6ef1-74fd-4926-a004-8f5649880b45-90x90.jpg]
[demo.phlox.pro/agency-advertisement/portfolio/some-new-ideas-for-branding/index.html]
[demo.phlox.pro/agency-advertisement/wp-content/cache/autoptimize/208/css/autoptimize_9c7f99d9568efe342efa0c230f85fcee.css]
[demo.phlox.pro/agency-advertisement/wp-content/uploads/sites/208/2020/06/a45d4012-e6d5-49f6-8de6-24033a7caf28.jpg]
[demo.phlox.pro/agency-advertisement/wp-json/wp/v2/portfolio/767.json]
[demo.phlox.pro/agency-advertisement/wp-json/oembed/1.0/embedb262.json]
[demo.phlox.pro/agency-advertisement/wp-json/oembed/1.0/embed6f7d]
[demo.phlox.pro/agency-advertisement/wp-content/uploads/sites/208/2020/06/a45d4012-e6d5-49f6-8de6-24033a7caf28-90x90.jpg]
[demo.phlox.pro/agency-advertisement/portfolio/store-advertising-banner-design/index.html]
[demo.phlox.pro/agency-advertisement/wp-content/cache/autoptimize/208/css/autoptimize_fb9c4aa109eae147599e983aef72ab66.css]
[demo.phlox.pro/agency-advertisement/wp-content/uploads/sites/208/2020/06/5470ff50-bc22-4fe9-89a5-1087848ae0da.jpg]
[demo.phlox.pro/agency-advertisement/wp-json/wp/v2/portfolio/765.json]
[demo.phlox.pro/agency-advertisement/wp-json/oembed/1.0/embed49e3.json]
[demo.phlox.pro/agency-advertisement/wp-json/oembed/1.0/embed20ca]
[demo.phlox.pro/agency-advertisement/wp-content/uploads/sites/208/2020/06/5470ff50-bc22-4fe9-89a5-1087848ae0da-90x90.jpg]
[demo.phlox.pro/agency-advertisement/portfolio/buy-and-sell-first-class-electronics/index.html]
[demo.phlox.pro/agency-advertisement/wp-content/cache/autoptimize/208/css/autoptimize_50f131b1fbeb5bf79afec7753bf33f6d.css]
[demo.phlox.pro/agency-advertisement/wp-content/uploads/sites/208/2020/06/1e00a6ff-9473-46ea-bba0-b78208b62fed.jpg]
[demo.phlox.pro/agency-advertisement/wp-json/wp/v2/portfolio/759.json]
[demo.phlox.pro/agency-advertisement/wp-json/oembed/1.0/embed4ef4.json]
[demo.phlox.pro/agency-advertisement/wp-json/oembed/1.0/embed2037]
[demo.phlox.pro/agency-advertisement/wp-content/uploads/sites/208/2020/06/1e00a6ff-9473-46ea-bba0-b78208b62fed-90x90.jpg]
[demo.phlox.pro/agency-advertisement/portfolio/the-future-of-food-delivery-app-ui-kit/index.html]
[demo.phlox.pro/agency-advertisement/wp-content/cache/autoptimize/208/css/autoptimize_b072d60d31f8416811ecc4499cb6cc4d.css]
[demo.phlox.pro/agency-advertisement/wp-json/wp/v2/portfolio/386.json]
[demo.phlox.pro/agency-advertisement/wp-json/oembed/1.0/embed4ffd.json]
[demo.phlox.pro/agency-advertisement/wp-json/oembed/1.0/embed1fb3]
[demo.phlox.pro/agency-advertisement/wp-content/uploads/sites/208/2020/06/798182df-d218-40bc-a901-2edc9a6e5aa4-90x90.jpg]
[demo.phlox.pro/agency-advertisement/portfolio/providing-computer-services-to-companies/index.html]
[demo.phlox.pro/agency-advertisement/wp-content/cache/autoptimize/208/css/autoptimize_c17d4a593c5613b1524620918b816dfe.css]
[demo.phlox.pro/agency-advertisement/wp-content/uploads/sites/208/2020/06/7j09qp5h.jpg]
[demo.phlox.pro/agency-advertisement/wp-json/wp/v2/posts/497.json]
[demo.phlox.pro/agency-advertisement/wp-json/oembed/1.0/embedb64a.json]
[demo.phlox.pro/agency-advertisement/wp-json/oembed/1.0/embedf50a]
[demo.phlox.pro/agency-advertisement/wp-content/uploads/sites/208/2020/06/7j09qp5h-90x90.jpg]
[demo.phlox.pro/agency-advertisement/wp-content/uploads/sites/208/2020/06/7j09qp5h-1600x900.jpg]
[demo.phlox.pro/agency-advertisement/2020/06/24/triple-creative-multi-purpose-portfolio-template/index.html]
[demo.phlox.pro/agency-advertisement/category/business/index.html]
[demo.phlox.pro/agency-advertisement/wp-content/uploads/sites/208/2020/06/939a44a8-8833-4065-b2a4-f6b55e2cdbe8-1.jpg]
[demo.phlox.pro/agency-advertisement/author/index.html]
[demo.phlox.pro/agency-advertisement/wp-json/wp/v2/posts/501.json]
[demo.phlox.pro/agency-advertisement/2020/06/24/more-productive-working-flow/feed/index.html]
[demo.phlox.pro/agency-advertisement/wp-json/oembed/1.0/embed77f1.json]
[demo.phlox.pro/agency-advertisement/wp-json/oembed/1.0/embed4bd3]
[demo.phlox.pro/agency-advertisement/wp-content/uploads/sites/208/2020/06/939a44a8-8833-4065-b2a4-f6b55e2cdbe8-1-90x90.jpg]
[demo.phlox.pro/agency-advertisement/wp-content/uploads/sites/208/2020/06/939a44a8-8833-4065-b2a4-f6b55e2cdbe8-1-1600x900.jpg]
[demo.phlox.pro/agency-advertisement/2020/06/24/more-productive-working-flow/index.html]
[demo.phlox.pro/agency-advertisement/wp-content/plugins/demo-tools/public/assets/img/Group-3.svg]
[demo.phlox.pro/agency-advertisement/wp-content/plugins/demo-tools/public/assets/img/buy.svg]
[demo.phlox.pro/agency-advertisement/wp-content/plugins/demo-tools/public/assets/img/export.svg]
[demo.phlox.pro/agency-advertisement/wp-content/plugins/demo-tools/public/assets/img/help-icon.svg]
[demo.phlox.pro/agency-advertisement/wp-content/plugins/demo-tools/public/assets/img/cross.svg]
[demo.phlox.pro/agency-advertisement/wp-content/themes/phlox-pro/css/images/svg/symbols.svg]
[demo.phlox.pro/agency-advertisement/wp-content/themes/phlox-pro/css/images/controls/arrows/small-arrow-down.svg]
[demo.phlox.pro/agency-advertisement/wp-content/themes/phlox-pro/css/images/svg/leftarrow.svg]
[demo.phlox.pro/agency-advertisement/wp-includes/js/mediaelement/mejs-controls.svg]
[demo.phlox.pro/agency-advertisement/wp-content/uploads/sites/208/2020/06/Mask_Group_3.png]
[demo.phlox.pro/agency-advertisement/wp-content/cache/autoptimize/208/css/autoptimize_79590d958f581a35713a5b64a3030b28.css]
[demo.phlox.pro/agency-advertisement/index5757.html]
[demo.phlox.pro/agency-advertisement/wp-content/cache/autoptimize/208/css/autoptimize_d5c7082ee8fcd727b6a36fafef4b4f8e.css]
[demo.phlox.pro/agency-advertisement/index2dc4.html]
[demo.phlox.pro/agency-advertisement/wp-content/cache/autoptimize/208/js/autoptimize_dc06437f18544b85de6c13124916050a.js]
[demo.phlox.pro/agency-advertisement/wp-content/uploads/sites/208/2020/06/business-people-working-together-on-project-and-5FHSKBL.jpg]
[demo.phlox.pro/agency-advertisement/wp-json/wp/v2/posts/807.json]
[demo.phlox.pro/agency-advertisement/2020/06/27/planning-for-a-strategy-in-a-very-large-company/feed/index.html]
[demo.phlox.pro/agency-advertisement/wp-json/oembed/1.0/embed6771.json]
[demo.phlox.pro/agency-advertisement/wp-json/oembed/1.0/embedc1e8]
[demo.phlox.pro/agency-advertisement/wp-content/uploads/sites/208/2020/06/business-people-working-together-on-project-and-5FHSKBL-90x90.jpg]
[demo.phlox.pro/agency-advertisement/wp-content/uploads/sites/208/2020/06/business-people-working-together-on-project-and-5FHSKBL-1600x900.jpg]
[demo.phlox.pro/agency-advertisement/2020/06/27/planning-for-a-strategy-in-a-very-large-company/index.html]
[demo.phlox.pro/agency-advertisement/wp-content/uploads/sites/208/2020/06/business-people-working-together-on-project-and-B3MZ4TX.jpg]
[demo.phlox.pro/agency-advertisement/wp-json/wp/v2/posts/810.json]
[demo.phlox.pro/agency-advertisement/2020/06/27/customer-problems-are-addressed-in-a-team/feed/index.html]
[demo.phlox.pro/agency-advertisement/wp-json/oembed/1.0/embed6833.json]
[demo.phlox.pro/agency-advertisement/wp-json/oembed/1.0/embed7d3d]
[demo.phlox.pro/agency-advertisement/wp-content/uploads/sites/208/2020/06/business-people-working-together-on-project-and-B3MZ4TX-90x90.jpg]
[demo.phlox.pro/agency-advertisement/wp-content/uploads/sites/208/2020/06/business-people-working-together-on-project-and-B3MZ4TX-1600x900.jpg]
[demo.phlox.pro/agency-advertisement/2020/06/27/customer-problems-are-addressed-in-a-team/index.html]
[demo.phlox.pro/agency-advertisement/wp-content/uploads/sites/208/2020/06/portrait-of-businessman-in-glasses-holding-tablet-AWVHCJU.jpg]
[demo.phlox.pro/agency-advertisement/tag/blog/index.html]
[demo.phlox.pro/agency-advertisement/2020/06/27/online-methods-used-to-build-brand-awareness/feed/index.html]
[demo.phlox.pro/agency-advertisement/wp-json/wp/v2/posts/814.json]
[demo.phlox.pro/agency-advertisement/wp-json/oembed/1.0/embed9f48.json]
[demo.phlox.pro/agency-advertisement/wp-json/oembed/1.0/embedb117]
[demo.phlox.pro/agency-advertisement/wp-content/uploads/sites/208/2020/06/portrait-of-businessman-in-glasses-holding-tablet-AWVHCJU-90x90.jpg]
[demo.phlox.pro/agency-advertisement/wp-content/uploads/sites/208/2020/06/portrait-of-businessman-in-glasses-holding-tablet-AWVHCJU-1600x900.jpg]
[demo.phlox.pro/agency-advertisement/2020/06/27/online-methods-used-to-build-brand-awareness/index.html]
[demo.phlox.pro/agency-advertisement/wp-content/uploads/sites/208/2020/06/portrait-of-young-architect-woman-on-meeting-KFZCE3A.jpg]
[demo.phlox.pro/agency-advertisement/wp-json/wp/v2/posts/817.json]
[demo.phlox.pro/agency-advertisement/2020/06/27/a-key-of-digital-marketing-is-to-raise-brand-awareness/feed/index.html]
[demo.phlox.pro/agency-advertisement/wp-json/oembed/1.0/embed8435.json]
[demo.phlox.pro/agency-advertisement/wp-json/oembed/1.0/embedbffc]
[demo.phlox.pro/agency-advertisement/wp-content/uploads/sites/208/2020/06/portrait-of-young-architect-woman-on-meeting-KFZCE3A-90x90.jpg]
[demo.phlox.pro/agency-advertisement/wp-content/uploads/sites/208/2020/06/portrait-of-young-architect-woman-on-meeting-KFZCE3A-1600x900.jpg]
[demo.phlox.pro/agency-advertisement/2020/06/27/a-key-of-digital-marketing-is-to-raise-brand-awareness/index.html]
[demo.phlox.pro/agency-advertisement/wp-content/uploads/sites/208/2020/06/1837.jpg]
[demo.phlox.pro/agency-advertisement/wp-json/wp/v2/posts/820.json]
[demo.phlox.pro/agency-advertisement/2020/06/27/search-engine-optimization-techniques/feed/index.html]
[demo.phlox.pro/agency-advertisement/wp-json/oembed/1.0/embed0a68.json]
[demo.phlox.pro/agency-advertisement/wp-json/oembed/1.0/embed5f0e]
[demo.phlox.pro/agency-advertisement/wp-content/uploads/sites/208/2020/06/1837-90x90.jpg]
[demo.phlox.pro/agency-advertisement/wp-content/uploads/sites/208/2020/06/1837-1600x900.jpg]
[demo.phlox.pro/agency-advertisement/2020/06/27/search-engine-optimization-techniques/index.html]
[demo.phlox.pro/agency-advertisement/wp-content/uploads/sites/208/2020/06/a45d4012-e6d5-49f6-8de6-24033a7caf28-1.jpg]
[demo.phlox.pro/agency-advertisement/wp-json/wp/v2/posts/823.json]
[demo.phlox.pro/agency-advertisement/2020/06/27/digital-marketing-activity-is-still-growing/feed/index.html]
[demo.phlox.pro/agency-advertisement/wp-json/oembed/1.0/embedfd4d.json]
[demo.phlox.pro/agency-advertisement/wp-json/oembed/1.0/embed6aac]
[demo.phlox.pro/agency-advertisement/wp-content/uploads/sites/208/2020/06/a45d4012-e6d5-49f6-8de6-24033a7caf28-1-90x90.jpg]
[demo.phlox.pro/agency-advertisement/wp-content/uploads/sites/208/2020/06/a45d4012-e6d5-49f6-8de6-24033a7caf28-1-1600x900.jpg]
[demo.phlox.pro/agency-advertisement/2020/06/27/digital-marketing-activity-is-still-growing/index.html]
[demo.phlox.pro/agency-advertisement/wp-content/cache/autoptimize/208/css/autoptimize_31c2d0274ea8d2fe475c6690d1242885.css]
[demo.phlox.pro/agency-advertisement/index3d1a.html]
[demo.phlox.pro/agency-advertisement/wp-content/cache/autoptimize/208/css/autoptimize_726081f910a832203ad6331693a1653d.css]
[demo.phlox.pro/agency-advertisement/wp-json/wp/v2/portfolio-cat/10.json]
[demo.phlox.pro/agency-advertisement/wp-content/uploads/sites/208/2020/06/6ce074ff-9472-47c5-9ce3-7c9831992916-265x148.jpg]
[demo.phlox.pro/agency-advertisement/wp-content/uploads/sites/208/2020/06/14345c9c-c393-4af8-bbd5-a810e8885ee9-265x148.jpg]
[demo.phlox.pro/agency-advertisement/portfolio-cat/graphic-templates/feed/index.html]
[demo.phlox.pro/agency-advertisement/wp-content/uploads/sites/208/2020/06/939a44a8-8833-4065-b2a4-f6b55e2cdbe8-265x148.jpg]
[demo.phlox.pro/agency-advertisement/wp-content/uploads/sites/208/2020/06/5af035b0-c8a1-4dad-b23c-a6e6b062bd9f-265x148.jpg]
[demo.phlox.pro/agency-advertisement/wp-content/uploads/sites/208/2020/06/4cc08696-f0f1-49e4-b40d-432368050859-265x148.jpg]
[demo.phlox.pro/agency-advertisement/wp-content/uploads/sites/208/2020/06/35ad6ef1-74fd-4926-a004-8f5649880b45-265x148.jpg]
[demo.phlox.pro/agency-advertisement/wp-content/uploads/sites/208/2020/06/5470ff50-bc22-4fe9-89a5-1087848ae0da-265x148.jpg]
[demo.phlox.pro/agency-advertisement/wp-content/uploads/sites/208/2020/06/1e00a6ff-9473-46ea-bba0-b78208b62fed-265x148.jpg]
[demo.phlox.pro/agency-advertisement/wp-content/uploads/sites/208/2020/06/798182df-d218-40bc-a901-2edc9a6e5aa4-265x148.jpg]
[demo.phlox.pro/agency-advertisement/wp-content/uploads/sites/208/2020/06/0333e20a-a804-48cc-bf5d-43779bbb2eef-265x148.jpg]
[demo.phlox.pro/agency-advertisement/wp-content/uploads/sites/208/2020/06/m98sxg2u-265x148.jpg]
[demo.phlox.pro/agency-advertisement/wp-content/uploads/sites/208/2020/06/gycocduo-265x148.jpg]
[demo.phlox.pro/agency-advertisement/portfolio/graphic-design-of-mobile-pages/index.html]
[demo.phlox.pro/agency-advertisement/portfolio-cat/graphic-templates/index.html]
[demo.phlox.pro/agency-advertisement/portfolio/appearance-design-of-website-pages/index.html]
[demo.phlox.pro/agency-advertisement/portfolio/responsive-design-for-a-variety-of-sizes/index.html]
[demo.phlox.pro/agency-advertisement/wp-json/wp/v2/portfolio-cat/11.json]
[demo.phlox.pro/agency-advertisement/portfolio-cat/graphic-templates/page/2/index.html]
[demo.phlox.pro/agency-advertisement/wp-content/uploads/sites/208/2020/06/a45d4012-e6d5-49f6-8de6-24033a7caf28-265x148.jpg]
[demo.phlox.pro/agency-advertisement/wp-content/uploads/sites/208/2020/06/3m0ltpwr-265x148.jpg]
[demo.phlox.pro/agency-advertisement/portfolio-cat/ux-and-ui-kits/index.html]
[demo.phlox.pro/agency-advertisement/wp-json/wp/v2/portfolio-cat/12.json]
[demo.phlox.pro/agency-advertisement/portfolio/implement-a-variety-of-internal-site-pages/index.html]
[demo.phlox.pro/agency-advertisement/portfolio-cat/ux-and-ui-kits/feed/index.html]
[demo.phlox.pro/agency-advertisement/portfolio-cat/ecommerce/index.html]
[demo.phlox.pro/agency-advertisement/portfolio-cat/ecommerce/feed/index.html]
[demo.phlox.pro/agency-advertisement/wp-content/uploads/sites/208/2020/06/Mask-Group-4.png]
[demo.phlox.pro/agency-advertisement/wp-content/cache/autoptimize/208/css/autoptimize_79e2a38dec41dc8fe95c324281d19ab7.css]
[demo.phlox.pro/agency-advertisement/indexa1ca.html]
[demo.phlox.pro/agency-advertisement/contact/Please add google map API key in theme options. https_/developers.google.com/maps/documentation/javascript/index.html]
[demo.phlox.pro/agency-advertisement/wp-content/cache/autoptimize/208/css/autoptimize_60148c43ebd3d27920808ecfd4dbf6b3.css]
[demo.phlox.pro/agency-advertisement/indexc61a.html]
[demo.phlox.pro/agency-advertisement/wp-content/cache/autoptimize/208/css/autoptimize_2b4c10f969d3b5d13476ea4f1b2632fe.css]
[demo.phlox.pro/agency-advertisement/indexf9b5.html]
[demo.phlox.pro/agency-advertisement/wp-content/cache/autoptimize/208/css/autoptimize_d14ab6a74e7dace2132a5e392f0fd2b7.css]
[demo.phlox.pro/agency-advertisement/index6289.html]
[demo.phlox.pro/agency-advertisement/wp-content/cache/autoptimize/208/css/autoptimize_3e78b366b65155e41fda14dd062f55ee.css]
[demo.phlox.pro/agency-advertisement/indexb648.html]
[demo.phlox.pro/agency-advertisement/wp-content/cache/autoptimize/208/css/autoptimize_53ae16cca70363e94741c0575975e761.css]
[demo.phlox.pro/agency-advertisement/index7d87.html]
[demo.phlox.pro/agency-advertisement/wp-content/cache/autoptimize/208/css/autoptimize_29f28d3f334d6407daae685803096f3a.css]
[demo.phlox.pro/agency-advertisement/index5dce.html]
[demo.phlox.pro/agency-advertisement/wp-content/cache/autoptimize/208/css/autoptimize_9c7f99d9568efe342efa0c230f85fcee.css]
[demo.phlox.pro/agency-advertisement/indexf66f.html]
[demo.phlox.pro/agency-advertisement/wp-content/cache/autoptimize/208/css/autoptimize_fb9c4aa109eae147599e983aef72ab66.css]
[demo.phlox.pro/agency-advertisement/index6215.html]
[demo.phlox.pro/agency-advertisement/wp-content/cache/autoptimize/208/css/autoptimize_50f131b1fbeb5bf79afec7753bf33f6d.css]
[demo.phlox.pro/agency-advertisement/indexdc17.html]
[demo.phlox.pro/agency-advertisement/wp-content/cache/autoptimize/208/css/autoptimize_b072d60d31f8416811ecc4499cb6cc4d.css]
[demo.phlox.pro/agency-advertisement/index2023.html]
[demo.phlox.pro/agency-advertisement/wp-content/cache/autoptimize/208/css/autoptimize_c17d4a593c5613b1524620918b816dfe.css]
[demo.phlox.pro/agency-advertisement/indexdd54.html]
[demo.phlox.pro/agency-advertisement/author/index.html]
[demo.phlox.pro/agency-advertisement/wp-json/wp/v2/categories/13.json]
[demo.phlox.pro/agency-advertisement/category/business/feed/index.html]
[demo.phlox.pro/agency-advertisement/wp-content/uploads/sites/208/2020/06/a45d4012-e6d5-49f6-8de6-24033a7caf28-1-1300x731.jpg]
[demo.phlox.pro/agency-advertisement/wp-content/uploads/sites/208/2020/06/1837-1300x731.jpg]
[demo.phlox.pro/agency-advertisement/wp-content/uploads/sites/208/2020/06/portrait-of-young-architect-woman-on-meeting-KFZCE3A-1300x731.jpg]
[demo.phlox.pro/agency-advertisement/wp-content/uploads/sites/208/2020/06/portrait-of-businessman-in-glasses-holding-tablet-AWVHCJU-1300x731.jpg]
[demo.phlox.pro/agency-advertisement/wp-content/uploads/sites/208/2020/06/business-people-working-together-on-project-and-B3MZ4TX-1300x731.jpg]
[demo.phlox.pro/agency-advertisement/wp-content/uploads/sites/208/2020/06/business-people-working-together-on-project-and-5FHSKBL-1300x731.jpg]
[demo.phlox.pro/agency-advertisement/wp-content/uploads/sites/208/2020/06/939a44a8-8833-4065-b2a4-f6b55e2cdbe8-1-1300x731.jpg]
[demo.phlox.pro/agency-advertisement/wp-content/uploads/sites/208/2020/06/7j09qp5h-1300x731.jpg]
[demo.phlox.pro/agency-advertisement/category/business/index.html]
[demo.phlox.pro/agency-advertisement/indexc508.html]
[demo.phlox.pro/agency-advertisement/index0d13.html]
[demo.phlox.pro/agency-advertisement/index7efb.html]
[demo.phlox.pro/agency-advertisement/wp-json/wp/v2/tags/14.json]
[demo.phlox.pro/agency-advertisement/tag/blog/index.html]
[demo.phlox.pro/agency-advertisement/index3eda.html]
[demo.phlox.pro/agency-advertisement/indexeba0.html]
[demo.phlox.pro/agency-advertisement/indexccf0.html]
[demo.phlox.pro/agency-advertisement/index3239.html]
[demo.phlox.pro/agency-advertisement/wp-content/cache/autoptimize/208/css/autoptimize_726081f910a832203ad6331693a1653d.css]
[demo.phlox.pro/agency-advertisement/tag/blog/feed/index.html]
[demo.phlox.pro/agency-advertisement/wp-content/cache/autoptimize/208/css/autoptimize_c7f016dc3fadef55e30d67823636dad3.css]
[demo.phlox.pro/agency-advertisement/wp-content/uploads/sites/208/2020/06/0333e20a-a804-48cc-bf5d-43779bbb2eef.jpg]
[demo.phlox.pro/agency-advertisement/wp-json/wp/v2/portfolio/384.json]
[demo.phlox.pro/agency-advertisement/wp-json/oembed/1.0/embed14cc.json]
[demo.phlox.pro/agency-advertisement/wp-json/oembed/1.0/embed929d]
[demo.phlox.pro/agency-advertisement/wp-content/uploads/sites/208/2020/06/0333e20a-a804-48cc-bf5d-43779bbb2eef-90x90.jpg]
[demo.phlox.pro/agency-advertisement/portfolio/responsive-design-for-a-variety-of-sizes/index.html]
[demo.phlox.pro/agency-advertisement/wp-content/cache/autoptimize/208/css/autoptimize_9da02ab99231541b3bde07bfdae9e584.css]
[demo.phlox.pro/agency-advertisement/wp-json/wp/v2/portfolio/382.json]
[demo.phlox.pro/agency-advertisement/wp-json/oembed/1.0/embedc89c.json]
[demo.phlox.pro/agency-advertisement/wp-json/oembed/1.0/embedf9c3]
[demo.phlox.pro/agency-advertisement/wp-content/uploads/sites/208/2020/06/m98sxg2u-90x90.jpg]
[demo.phlox.pro/agency-advertisement/portfolio/graphic-design-of-mobile-pages/index.html]
[demo.phlox.pro/agency-advertisement/wp-content/cache/autoptimize/208/css/autoptimize_2a4002428a2681e2da1128a7d1861ac2.css]
[demo.phlox.pro/agency-advertisement/wp-content/uploads/sites/208/2020/06/gycocduo.jpg]
[demo.phlox.pro/agency-advertisement/wp-json/wp/v2/portfolio/380.json]
[demo.phlox.pro/agency-advertisement/wp-json/oembed/1.0/embed6625.json]
[demo.phlox.pro/agency-advertisement/wp-json/oembed/1.0/embedbd1e]
[demo.phlox.pro/agency-advertisement/wp-content/uploads/sites/208/2020/06/gycocduo-90x90.jpg]
[demo.phlox.pro/agency-advertisement/portfolio/appearance-design-of-website-pages/index.html]
[demo.phlox.pro/agency-advertisement/portfolio-cat/graphic-templates/page/2/index.html]
[demo.phlox.pro/agency-advertisement/wp-content/cache/autoptimize/208/css/autoptimize_65b7e88a6bcac6787987ba33e76cab7a.css]
[demo.phlox.pro/agency-advertisement/wp-content/uploads/sites/208/2020/06/3m0ltpwr.jpg]
[demo.phlox.pro/agency-advertisement/wp-json/wp/v2/portfolio/363.json]
[demo.phlox.pro/agency-advertisement/wp-json/oembed/1.0/embedcf68.json]
[demo.phlox.pro/agency-advertisement/wp-json/oembed/1.0/embed0593]
[demo.phlox.pro/agency-advertisement/wp-content/uploads/sites/208/2020/06/3m0ltpwr-90x90.jpg]
[demo.phlox.pro/agency-advertisement/portfolio/implement-a-variety-of-internal-site-pages/index.html]
[demo.phlox.pro/agency-advertisement/wp-content/cache/autoptimize/208/css/autoptimize_c7f016dc3fadef55e30d67823636dad3.css]
[demo.phlox.pro/agency-advertisement/index6905.html]
[demo.phlox.pro/agency-advertisement/wp-content/cache/autoptimize/208/css/autoptimize_9da02ab99231541b3bde07bfdae9e584.css]
[demo.phlox.pro/agency-advertisement/index802e.html]
[demo.phlox.pro/agency-advertisement/wp-content/cache/autoptimize/208/css/autoptimize_2a4002428a2681e2da1128a7d1861ac2.css]
[demo.phlox.pro/agency-advertisement/index0dc6.html]
[demo.phlox.pro/agency-advertisement/wp-content/cache/autoptimize/208/css/autoptimize_65b7e88a6bcac6787987ba33e76cab7a.css]
[demo.phlox.pro/agency-advertisement/index481e.html]
